<?xml version="1.0" encoding="UTF-8"?>
<!-- Generated by org.testng.reporters.JUnitReportReporter -->
<testsuite hostname="DESKTOP-IQ434QR" failures="0" tests="1" name="task.NewTest" time="37.510" errors="0" timestamp="2024-05-13T02:19:49 IST" skipped="0">
  <testcase classname="task.NewTest" name="targetTest" time="37.510"/>
</testsuite> <!-- task.NewTest -->
